Determining if the pthread_create exist failed with the following output:
Change Dir: /home/nvidia/workspace-robond/RoboND-DeepRL-Project/build/CMakeFiles/CMakeTmp

Run Build Command:"/usr/bin/make" "cmTC_2ccda/fast"
/usr/bin/make -f CMakeFiles/cmTC_2ccda.dir/build.make CMakeFiles/cmTC_2ccda.dir/build
make[1]: Entering directory '/home/nvidia/workspace-robond/RoboND-DeepRL-Project/build/CMakeFiles/CMakeTmp'
Building C object CMakeFiles/cmTC_2ccda.dir/CheckSymbolExists.c.o
/usr/bin/cc    -fPIC    -o CMakeFiles/cmTC_2ccda.dir/CheckSymbolExists.c.o   -c /home/nvidia/workspace-robond/RoboND-DeepRL-Project/build/CMakeFiles/CMakeTmp/CheckSymbolExists.c
Linking C executable cmTC_2ccda
/usr/bin/cmake -E cmake_link_script CMakeFiles/cmTC_2ccda.dir/link.txt --verbose=1
/usr/bin/cc  -fPIC     CMakeFiles/cmTC_2ccda.dir/CheckSymbolExists.c.o  -o cmTC_2ccda -rdynamic 
CMakeFiles/cmTC_2ccda.dir/CheckSymbolExists.c.o: In function `main':
CheckSymbolExists.c:(.text+0x14): undefined reference to `pthread_create'
CheckSymbolExists.c:(.text+0x18): undefined reference to `pthread_create'
collect2: error: ld returned 1 exit status
CMakeFiles/cmTC_2ccda.dir/build.make:97: recipe for target 'cmTC_2ccda' failed
make[1]: *** [cmTC_2ccda] Error 1
make[1]: Leaving directory '/home/nvidia/workspace-robond/RoboND-DeepRL-Project/build/CMakeFiles/CMakeTmp'
Makefile:126: recipe for target 'cmTC_2ccda/fast' failed
make: *** [cmTC_2ccda/fast] Error 2

File /home/nvidia/workspace-robond/RoboND-DeepRL-Project/build/CMakeFiles/CMakeTmp/CheckSymbolExists.c:
/* */
#include <pthread.h>

int main(int argc, char** argv)
{
  (void)argv;
#ifndef pthread_create
  return ((int*)(&pthread_create))[argc];
#else
  (void)argc;
  return 0;
#endif
}

Determining if the function pthread_create exists in the pthreads failed with the following output:
Change Dir: /home/nvidia/workspace-robond/RoboND-DeepRL-Project/build/CMakeFiles/CMakeTmp

Run Build Command:"/usr/bin/make" "cmTC_9e6ec/fast"
/usr/bin/make -f CMakeFiles/cmTC_9e6ec.dir/build.make CMakeFiles/cmTC_9e6ec.dir/build
make[1]: Entering directory '/home/nvidia/workspace-robond/RoboND-DeepRL-Project/build/CMakeFiles/CMakeTmp'
Building C object CMakeFiles/cmTC_9e6ec.dir/CheckFunctionExists.c.o
/usr/bin/cc    -fPIC -DCHECK_FUNCTION_EXISTS=pthread_create   -o CMakeFiles/cmTC_9e6ec.dir/CheckFunctionExists.c.o   -c /usr/share/cmake-3.5/Modules/CheckFunctionExists.c
Linking C executable cmTC_9e6ec
/usr/bin/cmake -E cmake_link_script CMakeFiles/cmTC_9e6ec.dir/link.txt --verbose=1
/usr/bin/cc  -fPIC -DCHECK_FUNCTION_EXISTS=pthread_create    CMakeFiles/cmTC_9e6ec.dir/CheckFunctionExists.c.o  -o cmTC_9e6ec -rdynamic -lpthreads 
/usr/bin/ld: cannot find -lpthreads
collect2: error: ld returned 1 exit status
CMakeFiles/cmTC_9e6ec.dir/build.make:97: recipe for target 'cmTC_9e6ec' failed
make[1]: *** [cmTC_9e6ec] Error 1
make[1]: Leaving directory '/home/nvidia/workspace-robond/RoboND-DeepRL-Project/build/CMakeFiles/CMakeTmp'
Makefile:126: recipe for target 'cmTC_9e6ec/fast' failed
make: *** [cmTC_9e6ec/fast] Error 2


Determining if the Q_WS_WIN exist failed with the following output:
Change Dir: /home/nvidia/workspace-robond/RoboND-DeepRL-Project/build/CMakeFiles/CMakeTmp

Run Build Command:"/usr/bin/make" "cmTC_332b9/fast"
/usr/bin/make -f CMakeFiles/cmTC_332b9.dir/build.make CMakeFiles/cmTC_332b9.dir/build
make[1]: Entering directory '/home/nvidia/workspace-robond/RoboND-DeepRL-Project/build/CMakeFiles/CMakeTmp'
Building CXX object CMakeFiles/cmTC_332b9.dir/CheckSymbolExists.cxx.o
/usr/bin/c++    -I/usr/include/qt4  -std=c++11    -o CMakeFiles/cmTC_332b9.dir/CheckSymbolExists.cxx.o -c /home/nvidia/workspace-robond/RoboND-DeepRL-Project/build/CMakeFiles/CMakeTmp/CheckSymbolExists.cxx
/home/nvidia/workspace-robond/RoboND-DeepRL-Project/build/CMakeFiles/CMakeTmp/CheckSymbolExists.cxx: In function ‘int main(int, char**)’:
/home/nvidia/workspace-robond/RoboND-DeepRL-Project/build/CMakeFiles/CMakeTmp/CheckSymbolExists.cxx:8:19: error: ‘Q_WS_WIN’ was not declared in this scope
   return ((int*)(&Q_WS_WIN))[argc];
                   ^
CMakeFiles/cmTC_332b9.dir/build.make:65: recipe for target 'CMakeFiles/cmTC_332b9.dir/CheckSymbolExists.cxx.o' failed
make[1]: *** [CMakeFiles/cmTC_332b9.dir/CheckSymbolExists.cxx.o] Error 1
make[1]: Leaving directory '/home/nvidia/workspace-robond/RoboND-DeepRL-Project/build/CMakeFiles/CMakeTmp'
Makefile:126: recipe for target 'cmTC_332b9/fast' failed
make: *** [cmTC_332b9/fast] Error 2

File /home/nvidia/workspace-robond/RoboND-DeepRL-Project/build/CMakeFiles/CMakeTmp/CheckSymbolExists.cxx:
/* */
#include <QtCore/qglobal.h>

int main(int argc, char** argv)
{
  (void)argv;
#ifndef Q_WS_WIN
  return ((int*)(&Q_WS_WIN))[argc];
#else
  (void)argc;
  return 0;
#endif
}

Determining if the Q_WS_QWS exist failed with the following output:
Change Dir: /home/nvidia/workspace-robond/RoboND-DeepRL-Project/build/CMakeFiles/CMakeTmp

Run Build Command:"/usr/bin/make" "cmTC_51321/fast"
/usr/bin/make -f CMakeFiles/cmTC_51321.dir/build.make CMakeFiles/cmTC_51321.dir/build
make[1]: Entering directory '/home/nvidia/workspace-robond/RoboND-DeepRL-Project/build/CMakeFiles/CMakeTmp'
Building CXX object CMakeFiles/cmTC_51321.dir/CheckSymbolExists.cxx.o
/usr/bin/c++    -I/usr/include/qt4  -std=c++11    -o CMakeFiles/cmTC_51321.dir/CheckSymbolExists.cxx.o -c /home/nvidia/workspace-robond/RoboND-DeepRL-Project/build/CMakeFiles/CMakeTmp/CheckSymbolExists.cxx
/home/nvidia/workspace-robond/RoboND-DeepRL-Project/build/CMakeFiles/CMakeTmp/CheckSymbolExists.cxx: In function ‘int main(int, char**)’:
/home/nvidia/workspace-robond/RoboND-DeepRL-Project/build/CMakeFiles/CMakeTmp/CheckSymbolExists.cxx:8:19: error: ‘Q_WS_QWS’ was not declared in this scope
   return ((int*)(&Q_WS_QWS))[argc];
                   ^
CMakeFiles/cmTC_51321.dir/build.make:65: recipe for target 'CMakeFiles/cmTC_51321.dir/CheckSymbolExists.cxx.o' failed
make[1]: *** [CMakeFiles/cmTC_51321.dir/CheckSymbolExists.cxx.o] Error 1
make[1]: Leaving directory '/home/nvidia/workspace-robond/RoboND-DeepRL-Project/build/CMakeFiles/CMakeTmp'
Makefile:126: recipe for target 'cmTC_51321/fast' failed
make: *** [cmTC_51321/fast] Error 2

File /home/nvidia/workspace-robond/RoboND-DeepRL-Project/build/CMakeFiles/CMakeTmp/CheckSymbolExists.cxx:
/* */
#include <QtCore/qglobal.h>

int main(int argc, char** argv)
{
  (void)argv;
#ifndef Q_WS_QWS
  return ((int*)(&Q_WS_QWS))[argc];
#else
  (void)argc;
  return 0;
#endif
}

Determining if the Q_WS_MAC exist failed with the following output:
Change Dir: /home/nvidia/workspace-robond/RoboND-DeepRL-Project/build/CMakeFiles/CMakeTmp

Run Build Command:"/usr/bin/make" "cmTC_8d0d5/fast"
/usr/bin/make -f CMakeFiles/cmTC_8d0d5.dir/build.make CMakeFiles/cmTC_8d0d5.dir/build
make[1]: Entering directory '/home/nvidia/workspace-robond/RoboND-DeepRL-Project/build/CMakeFiles/CMakeTmp'
Building CXX object CMakeFiles/cmTC_8d0d5.dir/CheckSymbolExists.cxx.o
/usr/bin/c++    -I/usr/include/qt4  -std=c++11    -o CMakeFiles/cmTC_8d0d5.dir/CheckSymbolExists.cxx.o -c /home/nvidia/workspace-robond/RoboND-DeepRL-Project/build/CMakeFiles/CMakeTmp/CheckSymbolExists.cxx
/home/nvidia/workspace-robond/RoboND-DeepRL-Project/build/CMakeFiles/CMakeTmp/CheckSymbolExists.cxx: In function ‘int main(int, char**)’:
/home/nvidia/workspace-robond/RoboND-DeepRL-Project/build/CMakeFiles/CMakeTmp/CheckSymbolExists.cxx:8:19: error: ‘Q_WS_MAC’ was not declared in this scope
   return ((int*)(&Q_WS_MAC))[argc];
                   ^
CMakeFiles/cmTC_8d0d5.dir/build.make:65: recipe for target 'CMakeFiles/cmTC_8d0d5.dir/CheckSymbolExists.cxx.o' failed
make[1]: *** [CMakeFiles/cmTC_8d0d5.dir/CheckSymbolExists.cxx.o] Error 1
make[1]: Leaving directory '/home/nvidia/workspace-robond/RoboND-DeepRL-Project/build/CMakeFiles/CMakeTmp'
Makefile:126: recipe for target 'cmTC_8d0d5/fast' failed
make: *** [cmTC_8d0d5/fast] Error 2

File /home/nvidia/workspace-robond/RoboND-DeepRL-Project/build/CMakeFiles/CMakeTmp/CheckSymbolExists.cxx:
/* */
#include <QtCore/qglobal.h>

int main(int argc, char** argv)
{
  (void)argv;
#ifndef Q_WS_MAC
  return ((int*)(&Q_WS_MAC))[argc];
#else
  (void)argc;
  return 0;
#endif
}

